<?xml version="1.0" encoding="UTF-8"?>
<!-- Generated by org.testng.reporters.JUnitXMLReporter -->
<testsuite hostname="RSangroula" name="Git Search API Test" tests="3" failures="0" timestamp="4 Jun 2018 18:04:45 GMT" time="4.561" errors="0">
  <testcase name="verifySearchRepositoryByLanguage" time="2.501" classname="com.git.test.gitapi.GetApiTest"/>
  <testcase name="verifySearchRepositorySortFeature" time="0.972" classname="com.git.test.gitapi.GetApiTest"/>
  <testcase name="verifySearchRepositoryStatusIs200" time="0.552" classname="com.git.test.gitapi.GetApiTest"/>
</testsuite> <!-- Git Search API Test -->
